<?xml version="1.0" encoding="UTF-8"?>
<!-- Generated by org.testng.reporters.JUnitXMLReporter -->
<testsuite ignored="0" hostname="Robin" failures="0" tests="4" name="Default test" time="8.945" errors="0" timestamp="2024-07-01T15:00:37 IST">
  <testcase classname="api.test.usertests" name="testpostuser" time="2.964"/>
  <testcase classname="api.test.usertests" name="testgetuserbyname" time="1.602"/>
  <testcase classname="api.test.usertests" name="testupdateuserbyname" time="2.835"/>
  <testcase classname="api.test.usertests" name="testdeleteeuserbyname" time="1.333"/>
</testsuite> <!-- Default test -->
