<?xml version="1.0" encoding="UTF-8"?>
<testng-results ignored="0" total="4" passed="4" failed="0" skipped="0">
  <reporter-output>
  </reporter-output>
  <suite started-at="2024-07-01T15:00:28 IST" name="Default suite" finished-at="2024-07-01T15:00:37 IST" duration-ms="8945">
    <groups>
    </groups>
    <test started-at="2024-07-01T15:00:28 IST" name="Default test" finished-at="2024-07-01T15:00:37 IST" duration-ms="8945">
      <class name="api.test.usertests">
        <test-method is-config="true" signature="setupdata()[pri:0, instance:api.test.usertests@5b1669c0]" started-at="2024-07-01T15:00:28 IST" name="setupdata" finished-at="2024-07-01T15:00:28 IST" duration-ms="158" status="PASS">
          <reporter-output>
          </reporter-output>
        </test-method> <!-- setupdata -->
        <test-method signature="testpostuser()[pri:1, instance:api.test.usertests@5b1669c0]" started-at="2024-07-01T15:00:28 IST" name="testpostuser" finished-at="2024-07-01T15:00:31 IST" duration-ms="2964" status="PASS">
          <reporter-output>
          </reporter-output>
        </test-method> <!-- testpostuser -->
        <test-method signature="testgetuserbyname()[pri:2, instance:api.test.usertests@5b1669c0]" started-at="2024-07-01T15:00:31 IST" name="testgetuserbyname" finished-at="2024-07-01T15:00:33 IST" duration-ms="1602" status="PASS">
          <reporter-output>
          </reporter-output>
        </test-method> <!-- testgetuserbyname -->
        <test-method signature="testupdateuserbyname()[pri:3, instance:api.test.usertests@5b1669c0]" started-at="2024-07-01T15:00:33 IST" name="testupdateuserbyname" finished-at="2024-07-01T15:00:36 IST" duration-ms="2835" status="PASS">
          <reporter-output>
          </reporter-output>
        </test-method> <!-- testupdateuserbyname -->
        <test-method signature="testdeleteeuserbyname()[pri:4, instance:api.test.usertests@5b1669c0]" started-at="2024-07-01T15:00:36 IST" name="testdeleteeuserbyname" finished-at="2024-07-01T15:00:37 IST" duration-ms="1333" status="PASS">
          <reporter-output>
          </reporter-output>
        </test-method> <!-- testdeleteeuserbyname -->
      </class> <!-- api.test.usertests -->
    </test> <!-- Default test -->
  </suite> <!-- Default suite -->
</testng-results>
